[20:31:34] [main/INFO] [GradleStart]: No arguments specified, assuming client.
[20:31:34] [main/INFO] [GradleStart]: Extra: []
[20:32:39] [main/INFO] [GradleStart]: No arguments specified, assuming client.
[20:32:39] [main/INFO] [GradleStart]: Extra: []
[20:34:55] [main/INFO] [GradleStart]: No arguments specified, assuming client.
[20:34:55] [main/INFO] [GradleStart]: Extra: []
[20:36:49] [main/INFO] [GradleStart]: No arguments specified, assuming client.
[20:36:49] [main/INFO] [GradleStart]: Extra: []
[20:38:15] [main/INFO] [GradleStart]: No arguments specified, assuming client.
[20:38:15] [main/INFO] [GradleStart]: Extra: []
[20:38:15] [main/INFO] [GradleStart]: Running with arguments: [--userProperties, {}, --assetsDir, C:/Users/Tony/.gradle/caches/minecraft/assets, --assetIndex, 1.7.10, --accessToken, FML, --version, 1.7.10, --tweakClass, cpw.mods.fml.common.launcher.FMLTweaker, --username, ForgeDevName]
[20:38:15] [main/INFO] [LaunchWrapper]: Loading tweak class name cpw.mods.fml.common.launcher.FMLTweaker
[20:38:16] [main/INFO] [LaunchWrapper]: Using primary tweak class name cpw.mods.fml.common.launcher.FMLTweaker
[20:38:16] [main/INFO] [LaunchWrapper]: Calling tweak class cpw.mods.fml.common.launcher.FMLTweaker
[21:12:32] [main/INFO] [GradleStart]: No arguments specified, assuming client.
[21:12:32] [main/INFO] [GradleStart]: Extra: []
[21:12:32] [main/INFO] [GradleStart]: Running with arguments: [--userProperties, {}, --assetsDir, C:/Users/Tony/.gradle/caches/minecraft/assets, --assetIndex, 1.7.10, --accessToken, FML, --version, 1.7.10, --tweakClass, cpw.mods.fml.common.launcher.FMLTweaker, --username, ForgeDevName]
[21:12:32] [main/INFO] [LaunchWrapper]: Loading tweak class name cpw.mods.fml.common.launcher.FMLTweaker
[21:12:32] [main/INFO] [LaunchWrapper]: Using primary tweak class name cpw.mods.fml.common.launcher.FMLTweaker
[21:12:32] [main/INFO] [LaunchWrapper]: Calling tweak class cpw.mods.fml.common.launcher.FMLTweaker
[21:13:34] [main/INFO] [GradleStart]: No arguments specified, assuming client.
[21:13:34] [main/INFO] [GradleStart]: Extra: []
[21:13:34] [main/INFO] [GradleStart]: Running with arguments: [--userProperties, {}, --assetsDir, C:/Users/Tony/.gradle/caches/minecraft/assets, --assetIndex, 1.7.10, --accessToken, FML, --version, 1.7.10, --tweakClass, cpw.mods.fml.common.launcher.FMLTweaker, --username, ForgeDevName]
[21:13:34] [main/INFO] [LaunchWrapper]: Loading tweak class name cpw.mods.fml.common.launcher.FMLTweaker
[21:13:34] [main/INFO] [LaunchWrapper]: Using primary tweak class name cpw.mods.fml.common.launcher.FMLTweaker
[21:13:34] [main/INFO] [LaunchWrapper]: Calling tweak class cpw.mods.fml.common.launcher.FMLTweaker
[21:14:51] [main/INFO] [GradleStart]: No arguments specified, assuming client.
[21:14:51] [main/INFO] [GradleStart]: Extra: []
[21:14:51] [main/INFO] [GradleStart]: Running with arguments: [--userProperties, {}, --assetsDir, C:/Users/Tony/.gradle/caches/minecraft/assets, --assetIndex, 1.7.10, --accessToken, FML, --version, 1.7.10, --tweakClass, cpw.mods.fml.common.launcher.FMLTweaker, --username, ForgeDevName]
[21:14:51] [main/INFO] [LaunchWrapper]: Loading tweak class name cpw.mods.fml.common.launcher.FMLTweaker
[21:14:51] [main/INFO] [LaunchWrapper]: Using primary tweak class name cpw.mods.fml.common.launcher.FMLTweaker
[21:14:51] [main/INFO] [LaunchWrapper]: Calling tweak class cpw.mods.fml.common.launcher.FMLTweaker
[21:39:46] [main/INFO] [GradleStart]: No arguments specified, assuming client.
[21:39:46] [main/INFO] [GradleStart]: Extra: []
[21:39:46] [main/INFO] [GradleStart]: Running with arguments: [--userProperties, {}, --assetsDir, C:/Users/Tony/.gradle/caches/minecraft/assets, --assetIndex, 1.7.10, --accessToken, FML, --version, 1.7.10, --tweakClass, cpw.mods.fml.common.launcher.FMLTweaker, --username, ForgeDevName]
[21:39:46] [main/INFO] [LaunchWrapper]: Loading tweak class name cpw.mods.fml.common.launcher.FMLTweaker
[21:39:46] [main/INFO] [LaunchWrapper]: Using primary tweak class name cpw.mods.fml.common.launcher.FMLTweaker
[21:39:46] [main/INFO] [LaunchWrapper]: Calling tweak class cpw.mods.fml.common.launcher.FMLTweaker
[21:41:44] [main/INFO] [GradleStart]: No arguments specified, assuming client.
[21:41:44] [main/INFO] [GradleStart]: Extra: []
[21:41:44] [main/INFO] [GradleStart]: Running with arguments: [--userProperties, {}, --username, ForgeDevName, --tweakClass, cpw.mods.fml.common.launcher.FMLTweaker, --accessToken, FML, --assetIndex, 1.7.10, --assetsDir, C:/Users/Tony/.gradle/caches/minecraft/assets, --version, 1.7.10]
[21:41:44] [main/INFO] [LaunchWrapper]: Loading tweak class name cpw.mods.fml.common.launcher.FMLTweaker
[21:41:44] [main/INFO] [LaunchWrapper]: Using primary tweak class name cpw.mods.fml.common.launcher.FMLTweaker
[21:41:44] [main/INFO] [LaunchWrapper]: Calling tweak class cpw.mods.fml.common.launcher.FMLTweaker
[22:22:39] [main/INFO] [GradleStart]: No arguments specified, assuming client.
[22:22:39] [main/INFO] [GradleStart]: Extra: []
[22:22:39] [main/INFO] [GradleStart]: Running with arguments: [--userProperties, {}, --username, ForgeDevName, --tweakClass, cpw.mods.fml.common.launcher.FMLTweaker, --accessToken, FML, --assetIndex, 1.7.10, --assetsDir, C:/Users/Tony/.gradle/caches/minecraft/assets, --version, 1.7.10]
[22:22:39] [main/INFO] [LaunchWrapper]: Loading tweak class name cpw.mods.fml.common.launcher.FMLTweaker
[22:22:39] [main/INFO] [LaunchWrapper]: Using primary tweak class name cpw.mods.fml.common.launcher.FMLTweaker
[22:22:39] [main/INFO] [LaunchWrapper]: Calling tweak class cpw.mods.fml.common.launcher.FMLTweaker
[22:38:26] [main/INFO] [GradleStart]: No arguments specified, assuming client.
[22:38:26] [main/INFO] [GradleStart]: Extra: []
[22:38:26] [main/INFO] [GradleStart]: Running with arguments: [--userProperties, {}, --username, ForgeDevName, --tweakClass, cpw.mods.fml.common.launcher.FMLTweaker, --accessToken, FML, --assetIndex, 1.7.10, --assetsDir, C:/Users/Tony/.gradle/caches/minecraft/assets, --version, 1.7.10]
[22:38:26] [main/INFO] [LaunchWrapper]: Loading tweak class name cpw.mods.fml.common.launcher.FMLTweaker
[22:38:26] [main/INFO] [LaunchWrapper]: Using primary tweak class name cpw.mods.fml.common.launcher.FMLTweaker
[22:38:26] [main/INFO] [LaunchWrapper]: Calling tweak class cpw.mods.fml.common.launcher.FMLTweaker
[23:20:51] [main/INFO] [GradleStart]: No arguments specified, assuming client.
[23:20:51] [main/INFO] [GradleStart]: Extra: []
[23:20:52] [main/INFO] [GradleStart]: Running with arguments: [--userProperties, {}, --username, ForgeDevName, --tweakClass, cpw.mods.fml.common.launcher.FMLTweaker, --accessToken, FML, --assetIndex, 1.7.10, --assetsDir, C:/Users/Tony/.gradle/caches/minecraft/assets, --version, 1.7.10]
[23:20:52] [main/INFO] [LaunchWrapper]: Loading tweak class name cpw.mods.fml.common.launcher.FMLTweaker
[23:20:52] [main/INFO] [LaunchWrapper]: Using primary tweak class name cpw.mods.fml.common.launcher.FMLTweaker
[23:20:52] [main/INFO] [LaunchWrapper]: Calling tweak class cpw.mods.fml.common.launcher.FMLTweaker
[23:27:54] [main/INFO] [GradleStart]: No arguments specified, assuming client.
[23:27:54] [main/INFO] [GradleStart]: Extra: []
[23:27:54] [main/INFO] [GradleStart]: Running with arguments: [--userProperties, {}, --username, ForgeDevName, --tweakClass, cpw.mods.fml.common.launcher.FMLTweaker, --accessToken, FML, --assetIndex, 1.7.10, --assetsDir, C:/Users/Tony/.gradle/caches/minecraft/assets, --version, 1.7.10]
[23:27:54] [main/INFO] [LaunchWrapper]: Loading tweak class name cpw.mods.fml.common.launcher.FMLTweaker
[23:27:54] [main/INFO] [LaunchWrapper]: Using primary tweak class name cpw.mods.fml.common.launcher.FMLTweaker
[23:27:54] [main/INFO] [LaunchWrapper]: Calling tweak class cpw.mods.fml.common.launcher.FMLTweaker
[23:28:57] [main/INFO] [GradleStart]: No arguments specified, assuming client.
[23:28:57] [main/INFO] [GradleStart]: Extra: []
[23:28:57] [main/INFO] [GradleStart]: Running with arguments: [--userProperties, {}, --username, ForgeDevName, --tweakClass, cpw.mods.fml.common.launcher.FMLTweaker, --accessToken, FML, --assetIndex, 1.7.10, --assetsDir, C:/Users/Tony/.gradle/caches/minecraft/assets, --version, 1.7.10]
[23:28:57] [main/INFO] [LaunchWrapper]: Loading tweak class name cpw.mods.fml.common.launcher.FMLTweaker
[23:28:57] [main/INFO] [LaunchWrapper]: Using primary tweak class name cpw.mods.fml.common.launcher.FMLTweaker
[23:28:57] [main/INFO] [LaunchWrapper]: Calling tweak class cpw.mods.fml.common.launcher.FMLTweaker
[23:30:08] [main/INFO] [GradleStart]: No arguments specified, assuming client.
[23:30:08] [main/INFO] [GradleStart]: Extra: []
[23:30:08] [main/INFO] [GradleStart]: Running with arguments: [--userProperties, {}, --username, ForgeDevName, --tweakClass, cpw.mods.fml.common.launcher.FMLTweaker, --accessToken, FML, --assetIndex, 1.7.10, --assetsDir, C:/Users/Tony/.gradle/caches/minecraft/assets, --version, 1.7.10]
[23:30:08] [main/INFO] [LaunchWrapper]: Loading tweak class name cpw.mods.fml.common.launcher.FMLTweaker
[23:30:08] [main/INFO] [LaunchWrapper]: Using primary tweak class name cpw.mods.fml.common.launcher.FMLTweaker
[23:30:08] [main/INFO] [LaunchWrapper]: Calling tweak class cpw.mods.fml.common.launcher.FMLTweaker
[23:31:01] [main/INFO] [GradleStart]: No arguments specified, assuming client.
[23:31:01] [main/INFO] [GradleStart]: Extra: []
[23:31:01] [main/INFO] [GradleStart]: Running with arguments: [--userProperties, {}, --username, ForgeDevName, --tweakClass, cpw.mods.fml.common.launcher.FMLTweaker, --accessToken, FML, --assetIndex, 1.7.10, --assetsDir, C:/Users/Tony/.gradle/caches/minecraft/assets, --version, 1.7.10]
[23:31:01] [main/INFO] [LaunchWrapper]: Loading tweak class name cpw.mods.fml.common.launcher.FMLTweaker
[23:31:01] [main/INFO] [LaunchWrapper]: Using primary tweak class name cpw.mods.fml.common.launcher.FMLTweaker
[23:31:01] [main/INFO] [LaunchWrapper]: Calling tweak class cpw.mods.fml.common.launcher.FMLTweaker
[23:32:00] [main/INFO] [GradleStart]: No arguments specified, assuming client.
[23:32:00] [main/INFO] [GradleStart]: Extra: []
[23:32:00] [main/INFO] [GradleStart]: Running with arguments: [--userProperties, {}, --username, ForgeDevName, --tweakClass, cpw.mods.fml.common.launcher.FMLTweaker, --accessToken, FML, --assetIndex, 1.7.10, --assetsDir, C:/Users/Tony/.gradle/caches/minecraft/assets, --version, 1.7.10]
[23:32:00] [main/INFO] [LaunchWrapper]: Loading tweak class name cpw.mods.fml.common.launcher.FMLTweaker
[23:32:00] [main/INFO] [LaunchWrapper]: Using primary tweak class name cpw.mods.fml.common.launcher.FMLTweaker
[23:32:00] [main/INFO] [LaunchWrapper]: Calling tweak class cpw.mods.fml.common.launcher.FMLTweaker
[23:33:54] [main/INFO] [GradleStart]: No arguments specified, assuming client.
[23:33:55] [main/INFO] [GradleStart]: Extra: []
[23:33:55] [main/INFO] [GradleStart]: Running with arguments: [--userProperties, {}, --username, ForgeDevName, --tweakClass, cpw.mods.fml.common.launcher.FMLTweaker, --accessToken, FML, --assetIndex, 1.7.10, --assetsDir, C:/Users/Tony/.gradle/caches/minecraft/assets, --version, 1.7.10]
[23:33:55] [main/INFO] [LaunchWrapper]: Loading tweak class name cpw.mods.fml.common.launcher.FMLTweaker
[23:33:55] [main/INFO] [LaunchWrapper]: Using primary tweak class name cpw.mods.fml.common.launcher.FMLTweaker
[23:33:55] [main/INFO] [LaunchWrapper]: Calling tweak class cpw.mods.fml.common.launcher.FMLTweaker
[00:17:09] [main/INFO] [GradleStart]: No arguments specified, assuming client.
[00:17:09] [main/INFO] [GradleStart]: Extra: []
[00:17:09] [main/INFO] [GradleStart]: Running with arguments: [--userProperties, {}, --username, ForgeDevName, --tweakClass, cpw.mods.fml.common.launcher.FMLTweaker, --accessToken, FML, --assetIndex, 1.7.10, --assetsDir, C:/Users/Tony/.gradle/caches/minecraft/assets, --version, 1.7.10]
[00:17:09] [main/INFO] [LaunchWrapper]: Loading tweak class name cpw.mods.fml.common.launcher.FMLTweaker
[00:17:09] [main/INFO] [LaunchWrapper]: Using primary tweak class name cpw.mods.fml.common.launcher.FMLTweaker
[00:17:09] [main/INFO] [LaunchWrapper]: Calling tweak class cpw.mods.fml.common.launcher.FMLTweaker
[00:49:12] [main/INFO] [GradleStart]: No arguments specified, assuming client.
[00:49:12] [main/INFO] [GradleStart]: Extra: []
[00:49:12] [main/INFO] [GradleStart]: Running with arguments: [--userProperties, {}, --username, ForgeDevName, --tweakClass, cpw.mods.fml.common.launcher.FMLTweaker, --accessToken, FML, --assetIndex, 1.7.10, --assetsDir, C:/Users/Tony/.gradle/caches/minecraft/assets, --version, 1.7.10]
[00:49:12] [main/INFO] [LaunchWrapper]: Loading tweak class name cpw.mods.fml.common.launcher.FMLTweaker
[00:49:12] [main/INFO] [LaunchWrapper]: Using primary tweak class name cpw.mods.fml.common.launcher.FMLTweaker
[00:49:12] [main/INFO] [LaunchWrapper]: Calling tweak class cpw.mods.fml.common.launcher.FMLTweaker
[00:54:18] [main/INFO] [GradleStart]: No arguments specified, assuming client.
[00:54:18] [main/INFO] [GradleStart]: Extra: []
[00:54:18] [main/INFO] [GradleStart]: Running with arguments: [--userProperties, {}, --username, ForgeDevName, --tweakClass, cpw.mods.fml.common.launcher.FMLTweaker, --accessToken, FML, --assetIndex, 1.7.10, --assetsDir, C:/Users/Tony/.gradle/caches/minecraft/assets, --version, 1.7.10]
[00:54:18] [main/INFO] [LaunchWrapper]: Loading tweak class name cpw.mods.fml.common.launcher.FMLTweaker
[00:54:18] [main/INFO] [LaunchWrapper]: Using primary tweak class name cpw.mods.fml.common.launcher.FMLTweaker
[00:54:18] [main/INFO] [LaunchWrapper]: Calling tweak class cpw.mods.fml.common.launcher.FMLTweaker
[01:22:17] [main/INFO] [GradleStart]: No arguments specified, assuming client.
[01:22:17] [main/INFO] [GradleStart]: Extra: []
[01:22:17] [main/INFO] [GradleStart]: Running with arguments: [--userProperties, {}, --username, ForgeDevName, --tweakClass, cpw.mods.fml.common.launcher.FMLTweaker, --accessToken, FML, --assetIndex, 1.7.10, --assetsDir, C:/Users/Tony/.gradle/caches/minecraft/assets, --version, 1.7.10]
[01:22:17] [main/INFO] [LaunchWrapper]: Loading tweak class name cpw.mods.fml.common.launcher.FMLTweaker
[01:22:17] [main/INFO] [LaunchWrapper]: Using primary tweak class name cpw.mods.fml.common.launcher.FMLTweaker
[01:22:17] [main/INFO] [LaunchWrapper]: Calling tweak class cpw.mods.fml.common.launcher.FMLTweaker
